2016-11-03 00:00:30,294 INFO [Test worker] o.s.b.t.WebAppIntegrationTestContextBootstrapper [AbstractTestContextBootstrapper.java:256] Loaded default TestExecutionListener class names from location [META-INF/spring.factories]: [org.springframework.test.context.web.ServletTestExecutionListener, org.springframework.test.context.support.DependencyInjectionTestExecutionListener, org.springframework.test.context.support.DirtiesContextTestExecutionListener, org.springframework.test.context.transaction.TransactionalTestExecutionListener, org.springframework.test.context.jdbc.SqlScriptsTestExecutionListener]
2016-11-03 00:00:30,337 INFO [Test worker] o.s.b.t.WebAppIntegrationTestContextBootstrapper [AbstractTestContextBootstrapper.java:182] Using TestExecutionListeners: [org.springframework.test.context.web.ServletTestExecutionListener@7c0064f7, org.springframework.test.context.support.DependencyInjectionTestExecutionListener@2e746a3e, org.springframework.test.context.support.DirtiesContextTestExecutionListener@17bf858a, org.springframework.test.context.transaction.TransactionalTestExecutionListener@a5167d8, org.springframework.test.context.jdbc.SqlScriptsTestExecutionListener@75898db9]
2016-11-03 00:00:30,748 INFO [Test worker] o.s.b.SpringApplication [StartupInfoLogger.java:47] Starting application on mandylion with PID 9254 (/Users/beolnix/.gradle/caches/modules-2/files-2.1/org.springframework.boot/spring-boot/1.2.6.RELEASE/888496de7156692a0eb5685cb18e0f6dd23b1ff4/spring-boot-1.2.6.RELEASE.jar started by beolnix in /Users/beolnix/dev/private/marvin-statistics/statistics-service)
2016-11-03 00:00:31,054 INFO [Test worker] o.s.c.a.AnnotationConfigApplicationContext [AbstractApplicationContext.java:510] Refreshing org.springframework.context.annotation.AnnotationConfigApplicationContext@6bb8c96f: startup date [Thu Nov 03 00:00:31 CET 2016]; root of context hierarchy
2016-11-03 00:00:31,304 INFO [Test worker] o.s.b.f.a.AutowiredAnnotationBeanPostProcessor [AutowiredAnnotationBeanPostProcessor.java:153] JSR-330 'javax.inject.Inject' annotation found and supported for autowiring
2016-11-03 00:00:31,367 INFO [Test worker] o.h.v.i.u.Version [Version.java:27] HV000001: Hibernate Validator 5.1.3.Final
2016-11-03 00:00:31,516 INFO [Test worker] o.s.c.s.PostProcessorRegistrationDelegate$BeanPostProcessorChecker [PostProcessorRegistrationDelegate.java:309] Bean 'encrypt.CONFIGURATION_PROPERTIES' of type [class org.springframework.cloud.bootstrap.encrypt.KeyProperties] is not eligible for getting processed by all BeanPostProcessors (for example: not eligible for auto-proxying)
2016-11-03 00:00:31,517 INFO [Test worker] o.s.c.s.PostProcessorRegistrationDelegate$BeanPostProcessorChecker [PostProcessorRegistrationDelegate.java:309] Bean 'encryptionBootstrapConfiguration' of type [class org.springframework.cloud.bootstrap.encrypt.EncryptionBootstrapConfiguration$$EnhancerBySpringCGLIB$$3e4a2dfd] is not eligible for getting processed by all BeanPostProcessors (for example: not eligible for auto-proxying)
2016-11-03 00:00:31,579 INFO [Test worker] o.s.b.SpringApplication [StartupInfoLogger.java:56] Started application in 1.073 seconds (JVM running for 2.711)
2016-11-03 00:00:31,731 INFO [Test worker] o.e.j.u.log [Log.java:186] Logging initialized @2863ms
2016-11-03 00:00:31,757 INFO [Test worker] o.s.b.c.e.AnnotationConfigEmbeddedWebApplicationContext [AbstractApplicationContext.java:510] Refreshing org.springframework.boot.context.embedded.AnnotationConfigEmbeddedWebApplicationContext@47f628ec: startup date [Thu Nov 03 00:00:31 CET 2016]; parent: org.springframework.context.annotation.AnnotationConfigApplicationContext@6bb8c96f
2016-11-03 00:00:32,709 INFO [Test worker] o.s.b.f.s.DefaultListableBeanFactory [DefaultListableBeanFactory.java:822] Overriding bean definition for bean 'beanNameViewResolver': replacing [Root bean: class [null]; scope=; abstract=false; lazyInit=false; autowireMode=3; dependencyCheck=0; autowireCandidate=true; primary=false; factoryBeanName=org.springframework.boot.autoconfigure.web.ErrorMvcAutoConfiguration$WhitelabelErrorViewConfiguration; factoryMethodName=beanNameViewResolver; initMethodName=null; destroyMethodName=(inferred); defined in class path resource [org/springframework/boot/autoconfigure/web/ErrorMvcAutoConfiguration$WhitelabelErrorViewConfiguration.class]] with [Root bean: class [null]; scope=; abstract=false; lazyInit=false; autowireMode=3; dependencyCheck=0; autowireCandidate=true; primary=false; factoryBeanName=org.springframework.boot.autoconfigure.web.WebMvcAutoConfiguration$WebMvcAutoConfigurationAdapter; factoryMethodName=beanNameViewResolver; initMethodName=null; destroyMethodName=(inferred); defined in class path resource [org/springframework/boot/autoconfigure/web/WebMvcAutoConfiguration$WebMvcAutoConfigurationAdapter.class]]
2016-11-03 00:00:33,012 INFO [Test worker] o.s.c.c.s.GenericScope [GenericScope.java:230] BeanFactory id=c06b051d-84c4-37c2-80d9-e9a8d0e1c2d8
2016-11-03 00:00:33,023 INFO [Test worker] o.s.b.f.a.AutowiredAnnotationBeanPostProcessor [AutowiredAnnotationBeanPostProcessor.java:153] JSR-330 'javax.inject.Inject' annotation found and supported for autowiring
2016-11-03 00:00:33,061 INFO [Test worker] o.s.c.s.PostProcessorRegistrationDelegate$BeanPostProcessorChecker [PostProcessorRegistrationDelegate.java:309] Bean 'org.springframework.cloud.autoconfigure.RefreshAutoConfiguration$ConfigurationPropertiesRebinderConfiguration' of type [class org.springframework.cloud.autoconfigure.RefreshAutoConfiguration$ConfigurationPropertiesRebinderConfiguration$$EnhancerBySpringCGLIB$$6e80f0da] is not eligible for getting processed by all BeanPostProcessors (for example: not eligible for auto-proxying)
2016-11-03 00:00:33,322 INFO [Test worker] o.s.b.c.e.j.JettyEmbeddedServletContainerFactory [JettyEmbeddedServletContainerFactory.java:124] Server initialized with port: 0
2016-11-03 00:00:33,326 INFO [Test worker] o.e.j.s.Server [Server.java:327] jetty-9.2.13.v20150730
2016-11-03 00:00:33,446 INFO [Test worker] / [ContextHandler.java:2052] Initializing Spring embedded WebApplicationContext
2016-11-03 00:00:33,446 INFO [Test worker] o.s.w.c.ContextLoader [EmbeddedWebApplicationContext.java:268] Root WebApplicationContext: initialization completed in 1689 ms
2016-11-03 00:00:34,577 INFO [Test worker] o.s.b.c.e.ServletRegistrationBean [ServletRegistrationBean.java:188] Mapping servlet: 'dispatcherServlet' to [/]
2016-11-03 00:00:34,580 INFO [Test worker] o.s.b.c.e.FilterRegistrationBean [FilterRegistrationBean.java:286] Mapping filter: 'metricFilter' to: [/*]
2016-11-03 00:00:34,581 INFO [Test worker] o.s.b.c.e.FilterRegistrationBean [FilterRegistrationBean.java:286] Mapping filter: 'characterEncodingFilter' to: [/*]
2016-11-03 00:00:34,582 INFO [Test worker] o.s.b.c.e.FilterRegistrationBean [FilterRegistrationBean.java:286] Mapping filter: 'hiddenHttpMethodFilter' to: [/*]
2016-11-03 00:00:34,582 INFO [Test worker] o.s.b.c.e.FilterRegistrationBean [FilterRegistrationBean.java:286] Mapping filter: 'webRequestLoggingFilter' to: [/*]
2016-11-03 00:00:34,583 INFO [Test worker] o.s.b.c.e.FilterRegistrationBean [FilterRegistrationBean.java:286] Mapping filter: 'applicationContextIdFilter' to: [/*]
2016-11-03 00:00:34,775 INFO [Test worker] o.e.j.s.h.ContextHandler [ContextHandler.java:744] Started o.s.b.c.e.j.JettyEmbeddedWebAppContext@712692d9{/,null,AVAILABLE}
2016-11-03 00:00:34,776 INFO [Test worker] o.e.j.s.Server [Server.java:379] Started @5908ms
2016-11-03 00:00:35,751 INFO [Test worker] o.s.w.s.m.m.a.RequestMappingHandlerMapping [AbstractHandlerMethodMapping.java:217] Mapped "{[/api/v1/chats],methods=[POST],consumes=[application/json],produces=[application/json]}" onto public com.beolnix.marvin.statistics.api.model.ChatDTO com.beolnix.marvin.statistics.chats.ChatController.createChat(com.beolnix.marvin.statistics.api.model.CreateChatDTO)
2016-11-03 00:00:35,753 INFO [Test worker] o.s.w.s.m.m.a.RequestMappingHandlerMapping [AbstractHandlerMethodMapping.java:217] Mapped "{[/api/v1/chats/name/{name}],methods=[GET],produces=[application/json]}" onto public com.beolnix.marvin.statistics.api.model.ChatDTO com.beolnix.marvin.statistics.chats.ChatController.getChatByName(java.lang.String)
2016-11-03 00:00:35,753 INFO [Test worker] o.s.w.s.m.m.a.RequestMappingHandlerMapping [AbstractHandlerMethodMapping.java:217] Mapped "{[/api/v1/chats],methods=[GET],produces=[application/json]}" onto public java.util.List<com.beolnix.marvin.statistics.api.model.ChatDTO> com.beolnix.marvin.statistics.chats.ChatController.getAllChats()
2016-11-03 00:00:35,754 INFO [Test worker] o.s.w.s.m.m.a.RequestMappingHandlerMapping [AbstractHandlerMethodMapping.java:217] Mapped "{[/api/v1/chats/id/{id}],methods=[GET],produces=[application/json]}" onto public com.beolnix.marvin.statistics.api.model.ChatDTO com.beolnix.marvin.statistics.chats.ChatController.getChatById(java.lang.String)
2016-11-03 00:00:35,755 INFO [Test worker] o.s.w.s.m.m.a.RequestMappingHandlerMapping [AbstractHandlerMethodMapping.java:217] Mapped "{[/v2/api-docs],methods=[GET],produces=[application/json || application/hal+json]}" onto public org.springframework.http.ResponseEntity<springfox.documentation.spring.web.json.Json> springfox.documentation.swagger2.web.Swagger2Controller.getDocumentation(java.lang.String,javax.servlet.http.HttpServletRequest)
2016-11-03 00:00:35,759 INFO [Test worker] o.s.w.s.m.m.a.RequestMappingHandlerMapping [AbstractHandlerMethodMapping.java:217] Mapped "{[/configuration/security]}" onto org.springframework.http.ResponseEntity<springfox.documentation.swagger.web.SecurityConfiguration> springfox.documentation.swagger.web.ApiResourceController.securityConfiguration()
2016-11-03 00:00:35,760 INFO [Test worker] o.s.w.s.m.m.a.RequestMappingHandlerMapping [AbstractHandlerMethodMapping.java:217] Mapped "{[/configuration/ui]}" onto org.springframework.http.ResponseEntity<springfox.documentation.swagger.web.UiConfiguration> springfox.documentation.swagger.web.ApiResourceController.uiConfiguration()
2016-11-03 00:00:35,760 INFO [Test worker] o.s.w.s.m.m.a.RequestMappingHandlerMapping [AbstractHandlerMethodMapping.java:217] Mapped "{[/swagger-resources]}" onto org.springframework.http.ResponseEntity<java.util.List<springfox.documentation.swagger.web.SwaggerResource>> springfox.documentation.swagger.web.ApiResourceController.swaggerResources()
2016-11-03 00:00:35,763 INFO [Test worker] o.s.w.s.m.m.a.RequestMappingHandlerMapping [AbstractHandlerMethodMapping.java:217] Mapped "{[/error]}" onto public org.springframework.http.ResponseEntity<java.util.Map<java.lang.String, java.lang.Object>> org.springframework.boot.autoconfigure.web.BasicErrorController.error(javax.servlet.http.HttpServletRequest)
2016-11-03 00:00:35,764 INFO [Test worker] o.s.w.s.m.m.a.RequestMappingHandlerMapping [AbstractHandlerMethodMapping.java:217] Mapped "{[/error],produces=[text/html]}" onto public org.springframework.web.servlet.ModelAndView org.springframework.boot.autoconfigure.web.BasicErrorController.errorHtml(javax.servlet.http.HttpServletRequest)
2016-11-03 00:00:36,118 INFO [Test worker] o.s.b.a.e.m.EndpointHandlerMapping [AbstractHandlerMethodMapping.java:217] Mapped "{[/dump],methods=[GET]}" onto public java.lang.Object org.springframework.boot.actuate.endpoint.mvc.EndpointMvcAdapter.invoke()
2016-11-03 00:00:36,119 INFO [Test worker] o.s.b.a.e.m.EndpointHandlerMapping [AbstractHandlerMethodMapping.java:217] Mapped "{[/beans],methods=[GET]}" onto public java.lang.Object org.springframework.boot.actuate.endpoint.mvc.EndpointMvcAdapter.invoke()
2016-11-03 00:00:36,120 INFO [Test worker] o.s.b.a.e.m.EndpointHandlerMapping [AbstractHandlerMethodMapping.java:217] Mapped "{[/env],methods=[POST]}" onto public java.lang.Object org.springframework.cloud.context.environment.EnvironmentManagerMvcEndpoint.value(java.util.Map<java.lang.String, java.lang.String>)
2016-11-03 00:00:36,121 INFO [Test worker] o.s.b.a.e.m.EndpointHandlerMapping [AbstractHandlerMethodMapping.java:217] Mapped "{[/env/reset],methods=[POST]}" onto public java.util.Map<java.lang.String, java.lang.Object> org.springframework.cloud.context.environment.EnvironmentManagerMvcEndpoint.reset()
2016-11-03 00:00:36,122 INFO [Test worker] o.s.b.a.e.m.EndpointHandlerMapping [AbstractHandlerMethodMapping.java:217] Mapped "{[/mappings],methods=[GET]}" onto public java.lang.Object org.springframework.boot.actuate.endpoint.mvc.EndpointMvcAdapter.invoke()
2016-11-03 00:00:36,122 INFO [Test worker] o.s.b.a.e.m.EndpointHandlerMapping [AbstractHandlerMethodMapping.java:217] Mapped "{[/info],methods=[GET]}" onto public java.lang.Object org.springframework.boot.actuate.endpoint.mvc.EndpointMvcAdapter.invoke()
2016-11-03 00:00:36,123 INFO [Test worker] o.s.b.a.e.m.EndpointHandlerMapping [AbstractHandlerMethodMapping.java:217] Mapped "{[/trace],methods=[GET]}" onto public java.lang.Object org.springframework.boot.actuate.endpoint.mvc.EndpointMvcAdapter.invoke()
2016-11-03 00:00:36,124 INFO [Test worker] o.s.b.a.e.m.EndpointHandlerMapping [AbstractHandlerMethodMapping.java:217] Mapped "{[/configprops],methods=[GET]}" onto public java.lang.Object org.springframework.boot.actuate.endpoint.mvc.EndpointMvcAdapter.invoke()
2016-11-03 00:00:36,124 INFO [Test worker] o.s.b.a.e.m.EndpointHandlerMapping [AbstractHandlerMethodMapping.java:217] Mapped "{[/metrics/{name:.*}],methods=[GET]}" onto public java.lang.Object org.springframework.boot.actuate.endpoint.mvc.MetricsMvcEndpoint.value(java.lang.String)
2016-11-03 00:00:36,125 INFO [Test worker] o.s.b.a.e.m.EndpointHandlerMapping [AbstractHandlerMethodMapping.java:217] Mapped "{[/metrics],methods=[GET]}" onto public java.lang.Object org.springframework.boot.actuate.endpoint.mvc.EndpointMvcAdapter.invoke()
2016-11-03 00:00:36,126 INFO [Test worker] o.s.b.a.e.m.EndpointHandlerMapping [AbstractHandlerMethodMapping.java:217] Mapped "{[/env/{name:.*}],methods=[GET]}" onto public java.lang.Object org.springframework.boot.actuate.endpoint.mvc.EnvironmentMvcEndpoint.value(java.lang.String)
2016-11-03 00:00:36,126 INFO [Test worker] o.s.b.a.e.m.EndpointHandlerMapping [AbstractHandlerMethodMapping.java:217] Mapped "{[/env],methods=[GET]}" onto public java.lang.Object org.springframework.boot.actuate.endpoint.mvc.EndpointMvcAdapter.invoke()
2016-11-03 00:00:36,127 INFO [Test worker] o.s.b.a.e.m.EndpointHandlerMapping [AbstractHandlerMethodMapping.java:217] Mapped "{[/health]}" onto public java.lang.Object org.springframework.boot.actuate.endpoint.mvc.HealthMvcEndpoint.invoke(java.security.Principal)
2016-11-03 00:00:36,128 INFO [Test worker] o.s.b.a.e.m.EndpointHandlerMapping [AbstractHandlerMethodMapping.java:217] Mapped "{[/refresh],methods=[POST]}" onto public java.lang.Object org.springframework.cloud.endpoint.GenericPostableMvcEndpoint.invoke()
2016-11-03 00:00:36,129 INFO [Test worker] o.s.b.a.e.m.EndpointHandlerMapping [AbstractHandlerMethodMapping.java:217] Mapped "{[/restart],methods=[POST]}" onto public java.lang.Object org.springframework.cloud.context.restart.RestartMvcEndpoint.invoke()
2016-11-03 00:00:36,129 INFO [Test worker] o.s.b.a.e.m.EndpointHandlerMapping [AbstractHandlerMethodMapping.java:217] Mapped "{[/pause],methods=[POST]}" onto public java.lang.Object org.springframework.cloud.endpoint.GenericPostableMvcEndpoint.invoke()
2016-11-03 00:00:36,130 INFO [Test worker] o.s.b.a.e.m.EndpointHandlerMapping [AbstractHandlerMethodMapping.java:217] Mapped "{[/autoconfig],methods=[GET]}" onto public java.lang.Object org.springframework.boot.actuate.endpoint.mvc.EndpointMvcAdapter.invoke()
2016-11-03 00:00:36,131 INFO [Test worker] o.s.b.a.e.m.EndpointHandlerMapping [AbstractHandlerMethodMapping.java:217] Mapped "{[/resume],methods=[POST]}" onto public java.lang.Object org.springframework.cloud.endpoint.GenericPostableMvcEndpoint.invoke()
2016-11-03 00:00:36,132 INFO [Test worker] o.s.b.a.e.m.EndpointHandlerMapping [AbstractHandlerMethodMapping.java:217] Mapped "{[/archaius],methods=[GET]}" onto public java.lang.Object org.springframework.boot.actuate.endpoint.mvc.EndpointMvcAdapter.invoke()
2016-11-03 00:00:36,317 INFO [Test worker] o.s.w.s.m.m.a.RequestMappingHandlerAdapter [RequestMappingHandlerAdapter.java:517] Looking for @ControllerAdvice: org.springframework.boot.context.embedded.AnnotationConfigEmbeddedWebApplicationContext@47f628ec: startup date [Thu Nov 03 00:00:31 CET 2016]; parent: org.springframework.context.annotation.AnnotationConfigApplicationContext@6bb8c96f
2016-11-03 00:00:36,390 INFO [Test worker] o.s.w.s.h.SimpleUrlHandlerMapping [AbstractUrlHandlerMapping.java:314] Mapped URL path [/webjars/**] onto handler of type [class org.springframework.web.servlet.resource.ResourceHttpRequestHandler]
2016-11-03 00:00:36,390 INFO [Test worker] o.s.w.s.h.SimpleUrlHandlerMapping [AbstractUrlHandlerMapping.java:314] Mapped URL path [/**] onto handler of type [class org.springframework.web.servlet.resource.ResourceHttpRequestHandler]
2016-11-03 00:00:36,433 INFO [Test worker] o.s.w.s.h.SimpleUrlHandlerMapping [AbstractUrlHandlerMapping.java:314] Mapped URL path [/**/favicon.ico] onto handler of type [class org.springframework.web.servlet.resource.ResourceHttpRequestHandler]
2016-11-03 00:00:37,009 WARN [Test worker] c.n.c.s.URLConfigurationSource [URLConfigurationSource.java:120] No URLs will be polled as dynamic configuration sources.
2016-11-03 00:00:37,009 INFO [Test worker] c.n.c.s.URLConfigurationSource [URLConfigurationSource.java:121] To enable URLs as dynamic configuration sources, define System property archaius.configurationSource.additionalUrls or make config.properties available on classpath.
2016-11-03 00:00:37,021 WARN [Test worker] c.n.c.s.URLConfigurationSource [URLConfigurationSource.java:120] No URLs will be polled as dynamic configuration sources.
2016-11-03 00:00:37,021 INFO [Test worker] c.n.c.s.URLConfigurationSource [URLConfigurationSource.java:121] To enable URLs as dynamic configuration sources, define System property archaius.configurationSource.additionalUrls or make config.properties available on classpath.
2016-11-03 00:00:37,103 INFO [Test worker] s.d.s.w.p.DocumentationPluginsBootstrapper [DocumentationPluginsBootstrapper.java:80] Context refreshed
2016-11-03 00:00:37,131 INFO [Test worker] s.d.s.w.p.DocumentationPluginsBootstrapper [DocumentationPluginsBootstrapper.java:83] Found 1 custom documentation plugin(s)
2016-11-03 00:00:37,144 INFO [Test worker] s.d.s.w.s.ApiListingReferenceScanner [ApiListingReferenceScanner.java:44] Scanning for api listing references
2016-11-03 00:00:37,328 INFO [Test worker] / [ContextHandler.java:2052] Initializing Spring FrameworkServlet 'dispatcherServlet'
2016-11-03 00:00:37,329 INFO [Test worker] o.s.w.s.DispatcherServlet [FrameworkServlet.java:485] FrameworkServlet 'dispatcherServlet': initialization started
2016-11-03 00:00:37,349 INFO [Test worker] o.s.w.s.DispatcherServlet [FrameworkServlet.java:504] FrameworkServlet 'dispatcherServlet': initialization completed in 20 ms
2016-11-03 00:00:37,412 INFO [Test worker] o.e.j.s.ServerConnector [AbstractConnector.java:266] Started ServerConnector@5857f9db{HTTP/1.1}{0.0.0.0:52618}
2016-11-03 00:00:37,417 INFO [Test worker] o.s.b.c.e.j.JettyEmbeddedServletContainer [JettyEmbeddedServletContainer.java:116] Jetty started on port(s) 52618 (http/1.1)
2016-11-03 00:00:37,419 INFO [Test worker] c.b.m.ChatControllerIntegrationTest [StartupInfoLogger.java:56] Started ChatControllerIntegrationTest in 6.972 seconds (JVM running for 8.552)
2016-11-03 00:00:37,828 INFO [Thread-5] o.s.c.a.AnnotationConfigApplicationContext [AbstractApplicationContext.java:862] Closing org.springframework.context.annotation.AnnotationConfigApplicationContext@6bb8c96f: startup date [Thu Nov 03 00:00:31 CET 2016]; root of context hierarchy
2016-11-03 00:00:37,900 INFO [Thread-5] o.s.b.c.e.AnnotationConfigEmbeddedWebApplicationContext [AbstractApplicationContext.java:862] Closing org.springframework.boot.context.embedded.AnnotationConfigEmbeddedWebApplicationContext@47f628ec: startup date [Thu Nov 03 00:00:31 CET 2016]; parent: org.springframework.context.annotation.AnnotationConfigApplicationContext@6bb8c96f
2016-11-03 00:00:37,905 INFO [Thread-5] o.s.c.n.s.ServoMetricCollector [ServoMetricCollector.java:68] Stopping Servo PollScheduler
2016-11-03 00:00:37,919 INFO [Thread-5] o.e.j.s.ServerConnector [AbstractConnector.java:306] Stopped ServerConnector@5857f9db{HTTP/1.1}{0.0.0.0:0}
2016-11-03 00:00:37,923 INFO [Thread-5] / [ContextHandler.java:2052] Destroying Spring FrameworkServlet 'dispatcherServlet'
2016-11-03 00:00:37,923 INFO [Thread-5] o.e.j.s.h.ContextHandler [ContextHandler.java:865] Stopped o.s.b.c.e.j.JettyEmbeddedWebAppContext@712692d9{/,null,UNAVAILABLE}
2016-11-03 00:00:51,808 INFO [main] o.s.b.t.WebAppIntegrationTestContextBootstrapper [AbstractTestContextBootstrapper.java:256] Loaded default TestExecutionListener class names from location [META-INF/spring.factories]: [org.springframework.test.context.web.ServletTestExecutionListener, org.springframework.test.context.support.DependencyInjectionTestExecutionListener, org.springframework.test.context.support.DirtiesContextTestExecutionListener, org.springframework.test.context.transaction.TransactionalTestExecutionListener, org.springframework.test.context.jdbc.SqlScriptsTestExecutionListener]
2016-11-03 00:00:51,829 INFO [main] o.s.b.t.WebAppIntegrationTestContextBootstrapper [AbstractTestContextBootstrapper.java:182] Using TestExecutionListeners: [org.springframework.test.context.web.ServletTestExecutionListener@1ad282e0, org.springframework.test.context.support.DependencyInjectionTestExecutionListener@7f416310, org.springframework.test.context.support.DirtiesContextTestExecutionListener@1cab0bfb, org.springframework.test.context.transaction.TransactionalTestExecutionListener@5e955596, org.springframework.test.context.jdbc.SqlScriptsTestExecutionListener@50de0926]
2016-11-03 00:00:52,314 INFO [main] c.i.r.e.j.JUnitStarter [StartupInfoLogger.java:47] Starting JUnitStarter on mandylion with PID 9266 (started by beolnix in /Users/beolnix/dev/private/marvin-statistics/statistics-service)
2016-11-03 00:00:52,616 INFO [main] o.s.c.a.AnnotationConfigApplicationContext [AbstractApplicationContext.java:510] Refreshing org.springframework.context.annotation.AnnotationConfigApplicationContext@158a8276: startup date [Thu Nov 03 00:00:52 CET 2016]; root of context hierarchy
2016-11-03 00:00:52,864 INFO [main] o.s.b.f.a.AutowiredAnnotationBeanPostProcessor [AutowiredAnnotationBeanPostProcessor.java:153] JSR-330 'javax.inject.Inject' annotation found and supported for autowiring
2016-11-03 00:00:52,917 INFO [main] o.h.v.i.u.Version [Version.java:27] HV000001: Hibernate Validator 5.1.3.Final
2016-11-03 00:00:53,071 INFO [main] o.s.c.s.PostProcessorRegistrationDelegate$BeanPostProcessorChecker [PostProcessorRegistrationDelegate.java:309] Bean 'encrypt.CONFIGURATION_PROPERTIES' of type [class org.springframework.cloud.bootstrap.encrypt.KeyProperties] is not eligible for getting processed by all BeanPostProcessors (for example: not eligible for auto-proxying)
2016-11-03 00:00:53,072 INFO [main] o.s.c.s.PostProcessorRegistrationDelegate$BeanPostProcessorChecker [PostProcessorRegistrationDelegate.java:309] Bean 'encryptionBootstrapConfiguration' of type [class org.springframework.cloud.bootstrap.encrypt.EncryptionBootstrapConfiguration$$EnhancerBySpringCGLIB$$3e7459c3] is not eligible for getting processed by all BeanPostProcessors (for example: not eligible for auto-proxying)
2016-11-03 00:00:53,121 INFO [main] c.i.r.e.j.JUnitStarter [StartupInfoLogger.java:56] Started JUnitStarter in 1.128 seconds (JVM running for 2.094)
2016-11-03 00:00:53,227 INFO [main] o.e.j.u.log [Log.java:186] Logging initialized @2200ms
2016-11-03 00:00:53,246 INFO [main] o.s.b.c.e.AnnotationConfigEmbeddedWebApplicationContext [AbstractApplicationContext.java:510] Refreshing org.springframework.boot.context.embedded.AnnotationConfigEmbeddedWebApplicationContext@38f57b3d: startup date [Thu Nov 03 00:00:53 CET 2016]; parent: org.springframework.context.annotation.AnnotationConfigApplicationContext@158a8276
2016-11-03 00:00:54,497 INFO [main] o.s.b.f.s.DefaultListableBeanFactory [DefaultListableBeanFactory.java:822] Overriding bean definition for bean 'beanNameViewResolver': replacing [Root bean: class [null]; scope=; abstract=false; lazyInit=false; autowireMode=3; dependencyCheck=0; autowireCandidate=true; primary=false; factoryBeanName=org.springframework.boot.autoconfigure.web.ErrorMvcAutoConfiguration$WhitelabelErrorViewConfiguration; factoryMethodName=beanNameViewResolver; initMethodName=null; destroyMethodName=(inferred); defined in class path resource [org/springframework/boot/autoconfigure/web/ErrorMvcAutoConfiguration$WhitelabelErrorViewConfiguration.class]] with [Root bean: class [null]; scope=; abstract=false; lazyInit=false; autowireMode=3; dependencyCheck=0; autowireCandidate=true; primary=false; factoryBeanName=org.springframework.boot.autoconfigure.web.WebMvcAutoConfiguration$WebMvcAutoConfigurationAdapter; factoryMethodName=beanNameViewResolver; initMethodName=null; destroyMethodName=(inferred); defined in class path resource [org/springframework/boot/autoconfigure/web/WebMvcAutoConfiguration$WebMvcAutoConfigurationAdapter.class]]
2016-11-03 00:00:54,759 INFO [main] o.s.c.c.s.GenericScope [GenericScope.java:230] BeanFactory id=4ba297ba-d970-36ae-b211-a7163b8351cd
2016-11-03 00:00:54,764 INFO [main] o.s.b.f.a.AutowiredAnnotationBeanPostProcessor [AutowiredAnnotationBeanPostProcessor.java:153] JSR-330 'javax.inject.Inject' annotation found and supported for autowiring
2016-11-03 00:00:54,803 INFO [main] o.s.c.s.PostProcessorRegistrationDelegate$BeanPostProcessorChecker [PostProcessorRegistrationDelegate.java:309] Bean 'org.springframework.cloud.autoconfigure.RefreshAutoConfiguration$ConfigurationPropertiesRebinderConfiguration' of type [class org.springframework.cloud.autoconfigure.RefreshAutoConfiguration$ConfigurationPropertiesRebinderConfiguration$$EnhancerBySpringCGLIB$$6eab1ca0] is not eligible for getting processed by all BeanPostProcessors (for example: not eligible for auto-proxying)
2016-11-03 00:00:55,041 INFO [main] o.s.b.c.e.j.JettyEmbeddedServletContainerFactory [JettyEmbeddedServletContainerFactory.java:124] Server initialized with port: 0
2016-11-03 00:00:55,045 INFO [main] o.e.j.s.Server [Server.java:327] jetty-9.2.13.v20150730
2016-11-03 00:00:55,138 INFO [main] / [ContextHandler.java:2052] Initializing Spring embedded WebApplicationContext
2016-11-03 00:00:55,138 INFO [main] o.s.w.c.ContextLoader [EmbeddedWebApplicationContext.java:268] Root WebApplicationContext: initialization completed in 1892 ms
2016-11-03 00:00:56,069 INFO [main] o.s.b.c.e.ServletRegistrationBean [ServletRegistrationBean.java:188] Mapping servlet: 'dispatcherServlet' to [/]
2016-11-03 00:00:56,072 INFO [main] o.s.b.c.e.FilterRegistrationBean [FilterRegistrationBean.java:286] Mapping filter: 'metricFilter' to: [/*]
2016-11-03 00:00:56,073 INFO [main] o.s.b.c.e.FilterRegistrationBean [FilterRegistrationBean.java:286] Mapping filter: 'characterEncodingFilter' to: [/*]
2016-11-03 00:00:56,074 INFO [main] o.s.b.c.e.FilterRegistrationBean [FilterRegistrationBean.java:286] Mapping filter: 'hiddenHttpMethodFilter' to: [/*]
2016-11-03 00:00:56,075 INFO [main] o.s.b.c.e.FilterRegistrationBean [FilterRegistrationBean.java:286] Mapping filter: 'webRequestLoggingFilter' to: [/*]
2016-11-03 00:00:56,076 INFO [main] o.s.b.c.e.FilterRegistrationBean [FilterRegistrationBean.java:286] Mapping filter: 'applicationContextIdFilter' to: [/*]
2016-11-03 00:00:56,428 INFO [main] o.e.j.s.h.ContextHandler [ContextHandler.java:744] Started o.s.b.c.e.j.JettyEmbeddedWebAppContext@53747c4a{/,null,AVAILABLE}
2016-11-03 00:00:56,429 INFO [main] o.e.j.s.Server [Server.java:379] Started @5402ms
2016-11-03 00:00:56,921 INFO [main] o.s.w.s.m.m.a.RequestMappingHandlerMapping [AbstractHandlerMethodMapping.java:217] Mapped "{[/api/v1/chats],methods=[POST],consumes=[application/json],produces=[application/json]}" onto public com.beolnix.marvin.statistics.api.model.ChatDTO com.beolnix.marvin.statistics.chats.ChatController.createChat(com.beolnix.marvin.statistics.api.model.CreateChatDTO)
2016-11-03 00:00:56,922 INFO [main] o.s.w.s.m.m.a.RequestMappingHandlerMapping [AbstractHandlerMethodMapping.java:217] Mapped "{[/api/v1/chats/name/{name}],methods=[GET],produces=[application/json]}" onto public com.beolnix.marvin.statistics.api.model.ChatDTO com.beolnix.marvin.statistics.chats.ChatController.getChatByName(java.lang.String)
2016-11-03 00:00:56,922 INFO [main] o.s.w.s.m.m.a.RequestMappingHandlerMapping [AbstractHandlerMethodMapping.java:217] Mapped "{[/api/v1/chats],methods=[GET],produces=[application/json]}" onto public java.util.List<com.beolnix.marvin.statistics.api.model.ChatDTO> com.beolnix.marvin.statistics.chats.ChatController.getAllChats()
2016-11-03 00:00:56,922 INFO [main] o.s.w.s.m.m.a.RequestMappingHandlerMapping [AbstractHandlerMethodMapping.java:217] Mapped "{[/api/v1/chats/id/{id}],methods=[GET],produces=[application/json]}" onto public com.beolnix.marvin.statistics.api.model.ChatDTO com.beolnix.marvin.statistics.chats.ChatController.getChatById(java.lang.String)
2016-11-03 00:00:56,923 INFO [main] o.s.w.s.m.m.a.RequestMappingHandlerMapping [AbstractHandlerMethodMapping.java:217] Mapped "{[/v2/api-docs],methods=[GET],produces=[application/json || application/hal+json]}" onto public org.springframework.http.ResponseEntity<springfox.documentation.spring.web.json.Json> springfox.documentation.swagger2.web.Swagger2Controller.getDocumentation(java.lang.String,javax.servlet.http.HttpServletRequest)
2016-11-03 00:00:56,925 INFO [main] o.s.w.s.m.m.a.RequestMappingHandlerMapping [AbstractHandlerMethodMapping.java:217] Mapped "{[/configuration/security]}" onto org.springframework.http.ResponseEntity<springfox.documentation.swagger.web.SecurityConfiguration> springfox.documentation.swagger.web.ApiResourceController.securityConfiguration()
2016-11-03 00:00:56,926 INFO [main] o.s.w.s.m.m.a.RequestMappingHandlerMapping [AbstractHandlerMethodMapping.java:217] Mapped "{[/configuration/ui]}" onto org.springframework.http.ResponseEntity<springfox.documentation.swagger.web.UiConfiguration> springfox.documentation.swagger.web.ApiResourceController.uiConfiguration()
2016-11-03 00:00:56,926 INFO [main] o.s.w.s.m.m.a.RequestMappingHandlerMapping [AbstractHandlerMethodMapping.java:217] Mapped "{[/swagger-resources]}" onto org.springframework.http.ResponseEntity<java.util.List<springfox.documentation.swagger.web.SwaggerResource>> springfox.documentation.swagger.web.ApiResourceController.swaggerResources()
2016-11-03 00:00:56,928 INFO [main] o.s.w.s.m.m.a.RequestMappingHandlerMapping [AbstractHandlerMethodMapping.java:217] Mapped "{[/error]}" onto public org.springframework.http.ResponseEntity<java.util.Map<java.lang.String, java.lang.Object>> org.springframework.boot.autoconfigure.web.BasicErrorController.error(javax.servlet.http.HttpServletRequest)
2016-11-03 00:00:56,928 INFO [main] o.s.w.s.m.m.a.RequestMappingHandlerMapping [AbstractHandlerMethodMapping.java:217] Mapped "{[/error],produces=[text/html]}" onto public org.springframework.web.servlet.ModelAndView org.springframework.boot.autoconfigure.web.BasicErrorController.errorHtml(javax.servlet.http.HttpServletRequest)
2016-11-03 00:00:57,217 INFO [main] o.s.b.a.e.m.EndpointHandlerMapping [AbstractHandlerMethodMapping.java:217] Mapped "{[/metrics/{name:.*}],methods=[GET]}" onto public java.lang.Object org.springframework.boot.actuate.endpoint.mvc.MetricsMvcEndpoint.value(java.lang.String)
2016-11-03 00:00:57,218 INFO [main] o.s.b.a.e.m.EndpointHandlerMapping [AbstractHandlerMethodMapping.java:217] Mapped "{[/metrics],methods=[GET]}" onto public java.lang.Object org.springframework.boot.actuate.endpoint.mvc.EndpointMvcAdapter.invoke()
2016-11-03 00:00:57,218 INFO [main] o.s.b.a.e.m.EndpointHandlerMapping [AbstractHandlerMethodMapping.java:217] Mapped "{[/configprops],methods=[GET]}" onto public java.lang.Object org.springframework.boot.actuate.endpoint.mvc.EndpointMvcAdapter.invoke()
2016-11-03 00:00:57,219 INFO [main] o.s.b.a.e.m.EndpointHandlerMapping [AbstractHandlerMethodMapping.java:217] Mapped "{[/env/{name:.*}],methods=[GET]}" onto public java.lang.Object org.springframework.boot.actuate.endpoint.mvc.EnvironmentMvcEndpoint.value(java.lang.String)
2016-11-03 00:00:57,219 INFO [main] o.s.b.a.e.m.EndpointHandlerMapping [AbstractHandlerMethodMapping.java:217] Mapped "{[/env],methods=[GET]}" onto public java.lang.Object org.springframework.boot.actuate.endpoint.mvc.EndpointMvcAdapter.invoke()
2016-11-03 00:00:57,220 INFO [main] o.s.b.a.e.m.EndpointHandlerMapping [AbstractHandlerMethodMapping.java:217] Mapped "{[/info],methods=[GET]}" onto public java.lang.Object org.springframework.boot.actuate.endpoint.mvc.EndpointMvcAdapter.invoke()
2016-11-03 00:00:57,220 INFO [main] o.s.b.a.e.m.EndpointHandlerMapping [AbstractHandlerMethodMapping.java:217] Mapped "{[/archaius],methods=[GET]}" onto public java.lang.Object org.springframework.boot.actuate.endpoint.mvc.EndpointMvcAdapter.invoke()
2016-11-03 00:00:57,221 INFO [main] o.s.b.a.e.m.EndpointHandlerMapping [AbstractHandlerMethodMapping.java:217] Mapped "{[/dump],methods=[GET]}" onto public java.lang.Object org.springframework.boot.actuate.endpoint.mvc.EndpointMvcAdapter.invoke()
2016-11-03 00:00:57,221 INFO [main] o.s.b.a.e.m.EndpointHandlerMapping [AbstractHandlerMethodMapping.java:217] Mapped "{[/autoconfig],methods=[GET]}" onto public java.lang.Object org.springframework.boot.actuate.endpoint.mvc.EndpointMvcAdapter.invoke()
2016-11-03 00:00:57,222 INFO [main] o.s.b.a.e.m.EndpointHandlerMapping [AbstractHandlerMethodMapping.java:217] Mapped "{[/env],methods=[POST]}" onto public java.lang.Object org.springframework.cloud.context.environment.EnvironmentManagerMvcEndpoint.value(java.util.Map<java.lang.String, java.lang.String>)
2016-11-03 00:00:57,222 INFO [main] o.s.b.a.e.m.EndpointHandlerMapping [AbstractHandlerMethodMapping.java:217] Mapped "{[/env/reset],methods=[POST]}" onto public java.util.Map<java.lang.String, java.lang.Object> org.springframework.cloud.context.environment.EnvironmentManagerMvcEndpoint.reset()
2016-11-03 00:00:57,222 INFO [main] o.s.b.a.e.m.EndpointHandlerMapping [AbstractHandlerMethodMapping.java:217] Mapped "{[/restart],methods=[POST]}" onto public java.lang.Object org.springframework.cloud.context.restart.RestartMvcEndpoint.invoke()
2016-11-03 00:00:57,223 INFO [main] o.s.b.a.e.m.EndpointHandlerMapping [AbstractHandlerMethodMapping.java:217] Mapped "{[/beans],methods=[GET]}" onto public java.lang.Object org.springframework.boot.actuate.endpoint.mvc.EndpointMvcAdapter.invoke()
2016-11-03 00:00:57,225 INFO [main] o.s.b.a.e.m.EndpointHandlerMapping [AbstractHandlerMethodMapping.java:217] Mapped "{[/pause],methods=[POST]}" onto public java.lang.Object org.springframework.cloud.endpoint.GenericPostableMvcEndpoint.invoke()
2016-11-03 00:00:57,226 INFO [main] o.s.b.a.e.m.EndpointHandlerMapping [AbstractHandlerMethodMapping.java:217] Mapped "{[/health]}" onto public java.lang.Object org.springframework.boot.actuate.endpoint.mvc.HealthMvcEndpoint.invoke(java.security.Principal)
2016-11-03 00:00:57,227 INFO [main] o.s.b.a.e.m.EndpointHandlerMapping [AbstractHandlerMethodMapping.java:217] Mapped "{[/resume],methods=[POST]}" onto public java.lang.Object org.springframework.cloud.endpoint.GenericPostableMvcEndpoint.invoke()
2016-11-03 00:00:57,227 INFO [main] o.s.b.a.e.m.EndpointHandlerMapping [AbstractHandlerMethodMapping.java:217] Mapped "{[/trace],methods=[GET]}" onto public java.lang.Object org.springframework.boot.actuate.endpoint.mvc.EndpointMvcAdapter.invoke()
2016-11-03 00:00:57,228 INFO [main] o.s.b.a.e.m.EndpointHandlerMapping [AbstractHandlerMethodMapping.java:217] Mapped "{[/refresh],methods=[POST]}" onto public java.lang.Object org.springframework.cloud.endpoint.GenericPostableMvcEndpoint.invoke()
2016-11-03 00:00:57,228 INFO [main] o.s.b.a.e.m.EndpointHandlerMapping [AbstractHandlerMethodMapping.java:217] Mapped "{[/mappings],methods=[GET]}" onto public java.lang.Object org.springframework.boot.actuate.endpoint.mvc.EndpointMvcAdapter.invoke()
2016-11-03 00:00:57,429 INFO [main] o.s.w.s.m.m.a.RequestMappingHandlerAdapter [RequestMappingHandlerAdapter.java:517] Looking for @ControllerAdvice: org.springframework.boot.context.embedded.AnnotationConfigEmbeddedWebApplicationContext@38f57b3d: startup date [Thu Nov 03 00:00:53 CET 2016]; parent: org.springframework.context.annotation.AnnotationConfigApplicationContext@158a8276
2016-11-03 00:00:57,485 INFO [main] o.s.w.s.h.SimpleUrlHandlerMapping [AbstractUrlHandlerMapping.java:314] Mapped URL path [/webjars/**] onto handler of type [class org.springframework.web.servlet.resource.ResourceHttpRequestHandler]
2016-11-03 00:00:57,485 INFO [main] o.s.w.s.h.SimpleUrlHandlerMapping [AbstractUrlHandlerMapping.java:314] Mapped URL path [/**] onto handler of type [class org.springframework.web.servlet.resource.ResourceHttpRequestHandler]
2016-11-03 00:00:57,536 INFO [main] o.s.w.s.h.SimpleUrlHandlerMapping [AbstractUrlHandlerMapping.java:314] Mapped URL path [/**/favicon.ico] onto handler of type [class org.springframework.web.servlet.resource.ResourceHttpRequestHandler]
2016-11-03 00:00:57,927 WARN [main] c.n.c.s.URLConfigurationSource [URLConfigurationSource.java:120] No URLs will be polled as dynamic configuration sources.
2016-11-03 00:00:57,928 INFO [main] c.n.c.s.URLConfigurationSource [URLConfigurationSource.java:121] To enable URLs as dynamic configuration sources, define System property archaius.configurationSource.additionalUrls or make config.properties available on classpath.
2016-11-03 00:00:57,934 WARN [main] c.n.c.s.URLConfigurationSource [URLConfigurationSource.java:120] No URLs will be polled as dynamic configuration sources.
2016-11-03 00:00:57,934 INFO [main] c.n.c.s.URLConfigurationSource [URLConfigurationSource.java:121] To enable URLs as dynamic configuration sources, define System property archaius.configurationSource.additionalUrls or make config.properties available on classpath.
2016-11-03 00:00:57,993 INFO [main] s.d.s.w.p.DocumentationPluginsBootstrapper [DocumentationPluginsBootstrapper.java:80] Context refreshed
2016-11-03 00:00:58,011 INFO [main] s.d.s.w.p.DocumentationPluginsBootstrapper [DocumentationPluginsBootstrapper.java:83] Found 1 custom documentation plugin(s)
2016-11-03 00:00:58,017 INFO [main] s.d.s.w.s.ApiListingReferenceScanner [ApiListingReferenceScanner.java:44] Scanning for api listing references
2016-11-03 00:00:58,131 INFO [main] / [ContextHandler.java:2052] Initializing Spring FrameworkServlet 'dispatcherServlet'
2016-11-03 00:00:58,132 INFO [main] o.s.w.s.DispatcherServlet [FrameworkServlet.java:485] FrameworkServlet 'dispatcherServlet': initialization started
2016-11-03 00:00:58,146 INFO [main] o.s.w.s.DispatcherServlet [FrameworkServlet.java:504] FrameworkServlet 'dispatcherServlet': initialization completed in 14 ms
2016-11-03 00:00:58,203 INFO [main] o.e.j.s.ServerConnector [AbstractConnector.java:266] Started ServerConnector@10bdfbcc{HTTP/1.1}{0.0.0.0:52626}
2016-11-03 00:00:58,208 INFO [main] o.s.b.c.e.j.JettyEmbeddedServletContainer [JettyEmbeddedServletContainer.java:116] Jetty started on port(s) 52626 (http/1.1)
2016-11-03 00:00:58,210 INFO [main] c.b.m.ChatControllerIntegrationTest [StartupInfoLogger.java:56] Started ChatControllerIntegrationTest in 6.297 seconds (JVM running for 7.183)
2016-11-03 00:00:58,589 INFO [Thread-1] o.s.c.a.AnnotationConfigApplicationContext [AbstractApplicationContext.java:862] Closing org.springframework.context.annotation.AnnotationConfigApplicationContext@158a8276: startup date [Thu Nov 03 00:00:52 CET 2016]; root of context hierarchy
2016-11-03 00:00:58,590 INFO [Thread-1] o.s.b.c.e.AnnotationConfigEmbeddedWebApplicationContext [AbstractApplicationContext.java:862] Closing org.springframework.boot.context.embedded.AnnotationConfigEmbeddedWebApplicationContext@38f57b3d: startup date [Thu Nov 03 00:00:53 CET 2016]; parent: org.springframework.context.annotation.AnnotationConfigApplicationContext@158a8276
2016-11-03 00:00:58,595 INFO [Thread-1] o.s.c.n.s.ServoMetricCollector [ServoMetricCollector.java:68] Stopping Servo PollScheduler
2016-11-03 00:00:58,611 INFO [Thread-1] o.e.j.s.ServerConnector [AbstractConnector.java:306] Stopped ServerConnector@10bdfbcc{HTTP/1.1}{0.0.0.0:0}
2016-11-03 00:00:58,613 INFO [Thread-1] / [ContextHandler.java:2052] Destroying Spring FrameworkServlet 'dispatcherServlet'
2016-11-03 00:00:58,614 INFO [Thread-1] o.e.j.s.h.ContextHandler [ContextHandler.java:865] Stopped o.s.b.c.e.j.JettyEmbeddedWebAppContext@53747c4a{/,null,UNAVAILABLE}
